-------------------------------------------------------------------------------
Test set: setup.RunCucumberTest
-------------------------------------------------------------------------------
Tests run: 30, Failures: 21, Errors: 0, Skipped: 0, Time elapsed: 0.974 s <<< FAILURE! - in setup.RunCucumberTest
The other employee is not assigned to this project  Time elapsed: 0.052 s  <<< FAILURE!
java.lang.AssertionError

The employee is not assigned to this activity  Time elapsed: 0.031 s  <<< FAILURE!
org.junit.ComparisonFailure: expected:<[]> but was:<[you have no permission to add others to this activity]>

Budget time for an activity  Time elapsed: 0.009 s  <<< FAILURE!
java.lang.AssertionError: Values should be different. Actual: 0.0

Change budget time for an activity  Time elapsed: 0.011 s  <<< FAILURE!
java.lang.AssertionError: Values should be different. Actual: 0.0

Delete budget time  Time elapsed: 0.01 s  <<< FAILURE!
java.lang.AssertionError: Values should be different. Actual: 0.0

Get total budget time  Time elapsed: 0.012 s  <<< FAILURE!
java.lang.AssertionError: Use assertEquals(expected, actual, delta) to compare floating-point numbers

Can an employee budget time  Time elapsed: 0.012 s  <<< FAILURE!
org.junit.ComparisonFailure: expected:<[]> but was:<[only the project manager can budget time for an activity]>

The employee chooses to change the information of an activity on a project they are assigned to  Time elapsed: 0.018 s  <<< FAILURE!
java.lang.AssertionError: expected not same

The employee changes the name to a name that is already the name of an existing activity  Time elapsed: 0.014 s  <<< FAILURE!
org.junit.ComparisonFailure: expected:<[]> but was:<[This name is already used, please enter another]>

The employee changes the name to blank  Time elapsed: 0.013 s  <<< FAILURE!
org.junit.ComparisonFailure: expected:<[]> but was:<[Please enter a name]>

The project leader creates an activity with a valid name and no other info  Time elapsed: 0.009 s  <<< FAILURE!
java.lang.AssertionError

The project leader creates an activity with a valid name and description  Time elapsed: 0.01 s  <<< FAILURE!
java.lang.AssertionError

The project leader creates an activity with an invalid name  Time elapsed: 0.009 s  <<< FAILURE!
org.junit.ComparisonFailure: expected:<[]> but was:<[This name is already used, please enter another]>

The project leader creates an activity with a blank name  Time elapsed: 0.008 s  <<< FAILURE!
org.junit.ComparisonFailure: expected:<[]> but was:<[Please enter a name]>

The actor is not project leader on the project they are trying to create an activity on  Time elapsed: 0.009 s  <<< FAILURE!
org.junit.ComparisonFailure: expected:<[]> but was:<[You do not have authority to create activitieson this project]>

A user creates a project only with a description  Time elapsed: 0.009 s  <<< FAILURE!
org.junit.ComparisonFailure: expected:<[]> but was:<[The project must have a name!]>

A project is created and the user is a part of the project  Time elapsed: 0.008 s  <<< FAILURE!
java.lang.AssertionError

A unauthorised user tries to create a project  Time elapsed: 0.009 s  <<< FAILURE!
org.junit.ComparisonFailure: expected:<[]> but was:<[User unauthorised to create a project!]>

Two projects that are given the same name  Time elapsed: 0.007 s  <<< FAILURE!
org.junit.ComparisonFailure: expected:<[]> but was:<[A project with that name already exists]>

The project leader choose to see status on a project, that they are assigned to  Time elapsed: 0.012 s  <<< FAILURE!
java.lang.AssertionError

The project leader choose to see status on a project, that they are not assigned to  Time elapsed: 0.01 s  <<< FAILURE!
org.junit.ComparisonFailure: expected:<[]> but was:<[you are not project leader on this project and can therefore not see status]>

