<?xml version="1.0" encoding="UTF-8"?>
<testsuite xmlns:xsi="http://www.w3.org/2001/XMLSchema-instance" xsi:noNamespaceSchemaLocation="https://maven.apache.org/surefire/maven-surefire-plugin/xsd/surefire-test-report.xsd" name="setup.RunCucumberTest" time="0.615" tests="34" errors="0" skipped="0" failures="0">
  <properties>
[...]
</properties>
  <testcase name="An employee from this project and this activity adds another employee from this project to this activity" classname="setup.RunCucumberTest" time="0.173"/>
  <testcase name="The other employee is not assigned to this project" classname="setup.RunCucumberTest" time="0.015"/>
  <testcase name="The employee is not assigned to this activity" classname="setup.RunCucumberTest" time="0.015"/>
  <testcase name="The employee is not assigned to this project" classname="setup.RunCucumberTest" time="0.016"/>
  <testcase name="project leader adds employee to project" classname="setup.RunCucumberTest" time="0.014"/>
  <testcase name="project leader isn&apos;t leader of project" classname="setup.RunCucumberTest" time="0.012"/>
  <testcase name="add user2 as project leader" classname="setup.RunCucumberTest" time="0.013"/>
  <testcase name="user1 isn&apos;t part of project" classname="setup.RunCucumberTest" time="0.01"/>
  <testcase name="user2 isn&apos;t part of project" classname="setup.RunCucumberTest" time="0.01"/>
  <testcase name="Another project leader is assigned to a project that already has one assigned" classname="setup.RunCucumberTest" time="0.009"/>
  <testcase name="Budget time for an activity" classname="setup.RunCucumberTest" time="0.011"/>
  <testcase name="Change budget time for an activity" classname="setup.RunCucumberTest" time="0.022"/>
  <testcase name="Delete budget time" classname="setup.RunCucumberTest" time="0.011"/>
  <testcase name="Get total budget time for project" classname="setup.RunCucumberTest" time="0.012"/>
  <testcase name="Can an employee budget time" classname="setup.RunCucumberTest" time="0.013"/>
  <testcase name="Can an employee delete budget time" classname="setup.RunCucumberTest" time="0.015"/>
  <testcase name="A user tries to update the budgeted for a project" classname="setup.RunCucumberTest" time="0.011"/>
  <testcase name="The employee chooses to change the information of an activity on a project they are assigned to" classname="setup.RunCucumberTest" time="0.014"/>
  <testcase name="The employee changes the name to a name that is already the name of an existing activity" classname="setup.RunCucumberTest" time="0.008"/>
  <testcase name="The employee changes the name to blank" classname="setup.RunCucumberTest" time="0.009"/>
  <testcase name="The project leader creates an activity with a valid name and no other info" classname="setup.RunCucumberTest" time="0.008"/>
  <testcase name="The project leader creates an activity with a valid name and description" classname="setup.RunCucumberTest" time="0.006"/>
  <testcase name="The project leader creates an activity with an invalid name that is already used" classname="setup.RunCucumberTest" time="0.008"/>
  <testcase name="The project leader creates an activity with a blank name" classname="setup.RunCucumberTest" time="0.009"/>
  <testcase name="The actor is not project leader on the project they are trying to create an activity on" classname="setup.RunCucumberTest" time="0.005"/>
  <testcase name="A user creates a new project" classname="setup.RunCucumberTest" time="0.006"/>
  <testcase name="A user creates a project only with a description" classname="setup.RunCucumberTest" time="0.006"/>
  <testcase name="A project is created and the user is a part of the project" classname="setup.RunCucumberTest" time="0.007"/>
  <testcase name="A unauthorised user tries to create a project" classname="setup.RunCucumberTest" time="0.007"/>
  <testcase name="Two projects that are given the same name" classname="setup.RunCucumberTest" time="0.006"/>
  <testcase name="Two projects have the same ID" classname="setup.RunCucumberTest" time="0.006"/>
  <testcase name="The project leader choose to see status on a project, that they are assigned to" classname="setup.RunCucumberTest" time="0.008"/>
  <testcase name="The project leader choose to see status on a project, that they are not assigned to" classname="setup.RunCucumberTest" time="0.006"/>
  <testcase name="createActivity A" classname="setup.RunCucumberTest" time="0.004"/>
</testsuite>