<?xml version="1.0" encoding="UTF-8"?>
<testsuite xmlns:xsi="http://www.w3.org/2001/XMLSchema-instance" xsi:noNamespaceSchemaLocation="https://maven.apache.org/surefire/maven-surefire-plugin/xsd/surefire-test-report.xsd" name="setup.RunCucumberTest" time="0.974" tests="30" errors="0" skipped="0" failures="21">
  <properties>
[...]
</properties>
  <testcase name="An employee from this project and this activity adds another employee from this project to this activity" classname="setup.RunCucumberTest" time="0.363"/>
  <testcase name="The other employee is not assigned to this project" classname="setup.RunCucumberTest" time="0.052">
    <failure type="java.lang.AssertionError">java.lang.AssertionError
</failure>
  </testcase>
  <testcase name="The employee is not assigned to this activity" classname="setup.RunCucumberTest" time="0.031">
    <failure message="expected:&lt;[]&gt; but was:&lt;[you have no permission to add others to this activity]&gt;" type="org.junit.ComparisonFailure"><![CDATA[org.junit.ComparisonFailure: expected:<[]> but was:<[you have no permission to add others to this activity]>
]]></failure>
  </testcase>
  <testcase name="The employee is not assigned to this project" classname="setup.RunCucumberTest" time="0.023"/>
  <testcase name="project leader adds employee to project" classname="setup.RunCucumberTest" time="0.021"/>
  <testcase name="project leader isn&apos;t leader of project" classname="setup.RunCucumberTest" time="0.018"/>
  <testcase name="add user2 as project leader" classname="setup.RunCucumberTest" time="0.03"/>
  <testcase name="user1 isn&apos;t part of project" classname="setup.RunCucumberTest" time="0.013"/>
  <testcase name="user2 isn&apos;t part of project" classname="setup.RunCucumberTest" time="0.015"/>
  <testcase name="Another project leader is assigned to a project that already has one assigned" classname="setup.RunCucumberTest" time="0.013"/>
  <testcase name="Budget time for an activity" classname="setup.RunCucumberTest" time="0.009">
    <failure message="Values should be different. Actual: 0.0" type="java.lang.AssertionError">java.lang.AssertionError: Values should be different. Actual: 0.0
</failure>
  </testcase>
  <testcase name="Change budget time for an activity" classname="setup.RunCucumberTest" time="0.011">
    <failure message="Values should be different. Actual: 0.0" type="java.lang.AssertionError">java.lang.AssertionError: Values should be different. Actual: 0.0
</failure>
  </testcase>
  <testcase name="Delete budget time" classname="setup.RunCucumberTest" time="0.01">
    <failure message="Values should be different. Actual: 0.0" type="java.lang.AssertionError">java.lang.AssertionError: Values should be different. Actual: 0.0
</failure>
  </testcase>
  <testcase name="Get total budget time" classname="setup.RunCucumberTest" time="0.012">
    <failure message="Use assertEquals(expected, actual, delta) to compare floating-point numbers" type="java.lang.AssertionError">java.lang.AssertionError: Use assertEquals(expected, actual, delta) to compare floating-point numbers
</failure>
  </testcase>
  <testcase name="Can an employee budget time" classname="setup.RunCucumberTest" time="0.012">
    <failure message="expected:&lt;[]&gt; but was:&lt;[only the project manager can budget time for an activity]&gt;" type="org.junit.ComparisonFailure"><![CDATA[org.junit.ComparisonFailure: expected:<[]> but was:<[only the project manager can budget time for an activity]>
]]></failure>
  </testcase>
  <testcase name="The employee chooses to change the information of an activity on a project they are assigned to" classname="setup.RunCucumberTest" time="0.018">
    <failure message="expected not same" type="java.lang.AssertionError">java.lang.AssertionError: expected not same
</failure>
  </testcase>
  <testcase name="The employee changes the name to a name that is already the name of an existing activity" classname="setup.RunCucumberTest" time="0.014">
    <failure message="expected:&lt;[]&gt; but was:&lt;[This name is already used, please enter another]&gt;" type="org.junit.ComparisonFailure"><![CDATA[org.junit.ComparisonFailure: expected:<[]> but was:<[This name is already used, please enter another]>
]]></failure>
  </testcase>
  <testcase name="The employee changes the name to blank" classname="setup.RunCucumberTest" time="0.013">
    <failure message="expected:&lt;[]&gt; but was:&lt;[Please enter a name]&gt;" type="org.junit.ComparisonFailure"><![CDATA[org.junit.ComparisonFailure: expected:<[]> but was:<[Please enter a name]>
]]></failure>
  </testcase>
  <testcase name="The project leader creates an activity with a valid name and no other info" classname="setup.RunCucumberTest" time="0.009">
    <failure type="java.lang.AssertionError">java.lang.AssertionError
</failure>
  </testcase>
  <testcase name="The project leader creates an activity with a valid name and description" classname="setup.RunCucumberTest" time="0.01">
    <failure type="java.lang.AssertionError">java.lang.AssertionError
</failure>
  </testcase>
  <testcase name="The project leader creates an activity with an invalid name" classname="setup.RunCucumberTest" time="0.009">
    <failure message="expected:&lt;[]&gt; but was:&lt;[This name is already used, please enter another]&gt;" type="org.junit.ComparisonFailure"><![CDATA[org.junit.ComparisonFailure: expected:<[]> but was:<[This name is already used, please enter another]>
]]></failure>
  </testcase>
  <testcase name="The project leader creates an activity with a blank name" classname="setup.RunCucumberTest" time="0.008">
    <failure message="expected:&lt;[]&gt; but was:&lt;[Please enter a name]&gt;" type="org.junit.ComparisonFailure"><![CDATA[org.junit.ComparisonFailure: expected:<[]> but was:<[Please enter a name]>
]]></failure>
  </testcase>
  <testcase name="The actor is not project leader on the project they are trying to create an activity on" classname="setup.RunCucumberTest" time="0.009">
    <failure message="expected:&lt;[]&gt; but was:&lt;[You do not have authority to create activitieson this project]&gt;" type="org.junit.ComparisonFailure"><![CDATA[org.junit.ComparisonFailure: expected:<[]> but was:<[You do not have authority to create activitieson this project]>
]]></failure>
  </testcase>
  <testcase name="A user creates a new project" classname="setup.RunCucumberTest" time="0.009"/>
  <testcase name="A user creates a project only with a description" classname="setup.RunCucumberTest" time="0.009">
    <failure message="expected:&lt;[]&gt; but was:&lt;[The project must have a name!]&gt;" type="org.junit.ComparisonFailure"><![CDATA[org.junit.ComparisonFailure: expected:<[]> but was:<[The project must have a name!]>
]]></failure>
  </testcase>
  <testcase name="A project is created and the user is a part of the project" classname="setup.RunCucumberTest" time="0.008">
    <failure type="java.lang.AssertionError">java.lang.AssertionError
</failure>
  </testcase>
  <testcase name="A unauthorised user tries to create a project" classname="setup.RunCucumberTest" time="0.009">
    <failure message="expected:&lt;[]&gt; but was:&lt;[User unauthorised to create a project!]&gt;" type="org.junit.ComparisonFailure"><![CDATA[org.junit.ComparisonFailure: expected:<[]> but was:<[User unauthorised to create a project!]>
]]></failure>
  </testcase>
  <testcase name="Two projects that are given the same name" classname="setup.RunCucumberTest" time="0.007">
    <failure message="expected:&lt;[]&gt; but was:&lt;[A project with that name already exists]&gt;" type="org.junit.ComparisonFailure"><![CDATA[org.junit.ComparisonFailure: expected:<[]> but was:<[A project with that name already exists]>
]]></failure>
  </testcase>
  <testcase name="The project leader choose to see status on a project, that they are assigned to" classname="setup.RunCucumberTest" time="0.012">
    <failure type="java.lang.AssertionError">java.lang.AssertionError
</failure>
  </testcase>
  <testcase name="The project leader choose to see status on a project, that they are not assigned to" classname="setup.RunCucumberTest" time="0.01">
    <failure message="expected:&lt;[]&gt; but was:&lt;[you are not project leader on this project and can therefore not see status]&gt;" type="org.junit.ComparisonFailure"><![CDATA[org.junit.ComparisonFailure: expected:<[]> but was:<[you are not project leader on this project and can therefore not see status]>
]]></failure>
  </testcase>
</testsuite>